0 verbose cli /opt/homebrew/Cellar/node/25.9.0_2/bin/node /opt/homebrew/bin/npm
1 info using npm@11.12.1
2 info using node@v25.9.0
3 silly config load:file:/opt/homebrew/lib/node_modules/npm/npmrc
4 silly config load:file:/Users/awebb/Documents/GitHub/nodegraphdocsite/.npmrc
5 silly config load:file:/Users/awebb/.npmrc
6 silly config load:file:/opt/homebrew/etc/npmrc
7 verbose title npm install clsx @radix-ui/react-select
8 verbose argv "install" "clsx" "@radix-ui/react-select"
9 verbose logfile logs-max:10 dir:/Users/awebb/Documents/GitHub/nodegraphdocsite/.npm-cache/_logs/2026-04-29T02_46_44_554Z-
10 verbose logfile /Users/awebb/Documents/GitHub/nodegraphdocsite/.npm-cache/_logs/2026-04-29T02_46_44_554Z-debug-0.log
11 silly logfile start cleaning logs, removing 1 files
12 silly packumentCache heap:4496293888 maxSize:1124073472 maxEntrySize:562036736
13 silly logfile done cleaning log files
14 silly idealTree buildDeps
15 silly fetch manifest clsx@*
16 silly packumentCache full:https://registry.npmjs.org/clsx cache-miss
17 http cache https://registry.npmjs.org/clsx 15ms (cache hit)
18 silly packumentCache full:https://registry.npmjs.org/clsx set size:42506 disposed:false
19 silly fetch manifest @radix-ui/react-select@*
20 silly packumentCache full:https://registry.npmjs.org/@radix-ui%2freact-select cache-miss
21 http cache https://registry.npmjs.org/@radix-ui%2freact-select 2ms (cache hit)
22 silly packumentCache full:https://registry.npmjs.org/@radix-ui%2freact-select set size:940573 disposed:false
23 silly fetch manifest @types/react@^19.0.10
24 silly packumentCache full:https://registry.npmjs.org/@types%2freact cache-miss
25 http cache https://registry.npmjs.org/@types%2freact 3ms (cache hit)
26 silly packumentCache full:https://registry.npmjs.org/@types%2freact set size:2588964 disposed:false
27 silly fetch manifest @types/react-dom@^19.0.4
28 silly packumentCache full:https://registry.npmjs.org/@types%2freact-dom cache-miss
29 http cache https://registry.npmjs.org/@types%2freact-dom 2ms (cache hit)
30 silly packumentCache full:https://registry.npmjs.org/@types%2freact-dom set size:429026 disposed:false
31 silly fetch manifest react@^19.0.0
32 silly packumentCache full:https://registry.npmjs.org/react cache-miss
33 http cache https://registry.npmjs.org/react 5ms (cache hit)
34 silly packumentCache full:https://registry.npmjs.org/react set size:6629670 disposed:false
35 silly fetch manifest react-dom@^19.0.0
36 silly packumentCache full:https://registry.npmjs.org/react-dom cache-miss
37 http cache https://registry.npmjs.org/react-dom 9ms (cache hit)
38 silly packumentCache full:https://registry.npmjs.org/react-dom set size:8832788 disposed:false
39 silly placeDep ROOT @radix-ui/react-select@2.2.6 REPLACE for: vite-react-typescript-starter@0.0.0 want: *
40 silly placeDep ROOT clsx@2.1.1 REPLACE for: vite-react-typescript-starter@0.0.0 want: *
41 silly reify moves {}
42 silly audit bulk request {
42 silly audit   '@babel/code-frame': [ '7.29.0' ],
42 silly audit   '@babel/compat-data': [ '7.29.0' ],
42 silly audit   '@babel/core': [ '7.29.0' ],
42 silly audit   '@babel/generator': [ '7.29.1' ],
42 silly audit   '@babel/helper-compilation-targets': [ '7.28.6' ],
42 silly audit   '@babel/helper-globals': [ '7.28.0' ],
42 silly audit   '@babel/helper-module-imports': [ '7.28.6' ],
42 silly audit   '@babel/helper-module-transforms': [ '7.28.6' ],
42 silly audit   '@babel/helper-plugin-utils': [ '7.28.6' ],
42 silly audit   '@babel/helper-string-parser': [ '7.27.1' ],
42 silly audit   '@babel/helper-validator-identifier': [ '7.28.5' ],
42 silly audit   '@babel/helper-validator-option': [ '7.27.1' ],
42 silly audit   '@babel/helpers': [ '7.29.2' ],
42 silly audit   '@babel/parser': [ '7.29.2' ],
42 silly audit   '@babel/plugin-transform-react-jsx-self': [ '7.27.1' ],
42 silly audit   '@babel/plugin-transform-react-jsx-source': [ '7.27.1' ],
42 silly audit   '@babel/template': [ '7.28.6' ],
42 silly audit   '@babel/traverse': [ '7.29.0' ],
42 silly audit   '@babel/types': [ '7.29.0' ],
42 silly audit   '@esbuild/aix-ppc64': [ '0.25.12' ],
42 silly audit   '@esbuild/android-arm': [ '0.25.12' ],
42 silly audit   '@esbuild/android-arm64': [ '0.25.12' ],
42 silly audit   '@esbuild/android-x64': [ '0.25.12' ],
42 silly audit   '@esbuild/darwin-arm64': [ '0.25.12' ],
42 silly audit   '@esbuild/darwin-x64': [ '0.25.12' ],
42 silly audit   '@esbuild/freebsd-arm64': [ '0.25.12' ],
42 silly audit   '@esbuild/freebsd-x64': [ '0.25.12' ],
42 silly audit   '@esbuild/linux-arm': [ '0.25.12' ],
42 silly audit   '@esbuild/linux-arm64': [ '0.25.12' ],
42 silly audit   '@esbuild/linux-ia32': [ '0.25.12' ],
42 silly audit   '@esbuild/linux-loong64': [ '0.25.12' ],
42 silly audit   '@esbuild/linux-mips64el': [ '0.25.12' ],
42 silly audit   '@esbuild/linux-ppc64': [ '0.25.12' ],
42 silly audit   '@esbuild/linux-riscv64': [ '0.25.12' ],
42 silly audit   '@esbuild/linux-s390x': [ '0.25.12' ],
42 silly audit   '@esbuild/linux-x64': [ '0.25.12' ],
42 silly audit   '@esbuild/netbsd-arm64': [ '0.25.12' ],
42 silly audit   '@esbuild/netbsd-x64': [ '0.25.12' ],
42 silly audit   '@esbuild/openbsd-arm64': [ '0.25.12' ],
42 silly audit   '@esbuild/openbsd-x64': [ '0.25.12' ],
42 silly audit   '@esbuild/openharmony-arm64': [ '0.25.12' ],
42 silly audit   '@esbuild/sunos-x64': [ '0.25.12' ],
42 silly audit   '@esbuild/win32-arm64': [ '0.25.12' ],
42 silly audit   '@esbuild/win32-ia32': [ '0.25.12' ],
42 silly audit   '@esbuild/win32-x64': [ '0.25.12' ],
42 silly audit   '@eslint-community/eslint-utils': [ '4.9.1' ],
42 silly audit   'eslint-visitor-keys': [ '3.4.3', '5.0.1', '4.2.1' ],
42 silly audit   '@eslint-community/regexpp': [ '4.12.2' ],
42 silly audit   '@eslint/config-array': [ '0.21.2' ],
42 silly audit   '@eslint/config-helpers': [ '0.4.2' ],
42 silly audit   '@eslint/core': [ '0.17.0' ],
42 silly audit   '@eslint/eslintrc': [ '3.3.5' ],
42 silly audit   globals: [ '14.0.0', '15.15.0' ],
42 silly audit   '@eslint/js': [ '9.39.4' ],
42 silly audit   '@eslint/object-schema': [ '2.1.7' ],
42 silly audit   '@eslint/plugin-kit': [ '0.4.1' ],
42 silly audit   '@floating-ui/core': [ '1.7.5' ],
42 silly audit   '@floating-ui/dom': [ '1.7.6' ],
42 silly audit   '@floating-ui/react-dom': [ '2.1.8' ],
42 silly audit   '@floating-ui/utils': [ '0.2.11' ],
42 silly audit   '@humanfs/core': [ '0.19.2' ],
42 silly audit   '@humanfs/node': [ '0.16.8' ],
42 silly audit   '@humanfs/types': [ '0.15.0' ],
42 silly audit   '@humanwhocodes/module-importer': [ '1.0.1' ],
42 silly audit   '@humanwhocodes/retry': [ '0.4.3' ],
42 silly audit   '@jridgewell/gen-mapping': [ '0.3.13' ],
42 silly audit   '@jridgewell/remapping': [ '2.3.5' ],
42 silly audit   '@jridgewell/resolve-uri': [ '3.1.2' ],
42 silly audit   '@jridgewell/sourcemap-codec': [ '1.5.5' ],
42 silly audit   '@jridgewell/trace-mapping': [ '0.3.31' ],
42 silly audit   '@radix-ui/number': [ '1.1.1' ],
42 silly audit   '@radix-ui/primitive': [ '1.1.3' ],
42 silly audit   '@radix-ui/react-arrow': [ '1.1.7' ],
42 silly audit   '@radix-ui/react-collection': [ '1.1.7' ],
42 silly audit   '@radix-ui/react-compose-refs': [ '1.1.2' ],
42 silly audit   '@radix-ui/react-context': [ '1.1.2' ],
42 silly audit   '@radix-ui/react-direction': [ '1.1.1' ],
42 silly audit   '@radix-ui/react-dismissable-layer': [ '1.1.11' ],
42 silly audit   '@radix-ui/react-focus-guards': [ '1.1.3' ],
42 silly audit   '@radix-ui/react-focus-scope': [ '1.1.7' ],
42 silly audit   '@radix-ui/react-id': [ '1.1.1' ],
42 silly audit   '@radix-ui/react-popper': [ '1.2.8' ],
42 silly audit   '@radix-ui/react-portal': [ '1.1.9' ],
42 silly audit   '@radix-ui/react-primitive': [ '2.1.3' ],
42 silly audit   '@radix-ui/react-slot': [ '1.2.3' ],
42 silly audit   '@radix-ui/react-use-callback-ref': [ '1.1.1' ],
42 silly audit   '@radix-ui/react-use-controllable-state': [ '1.2.2' ],
42 silly audit   '@radix-ui/react-use-effect-event': [ '0.0.2' ],
42 silly audit   '@radix-ui/react-use-escape-keydown': [ '1.1.1' ],
42 silly audit   '@radix-ui/react-use-layout-effect': [ '1.1.1' ],
42 silly audit   '@radix-ui/react-use-previous': [ '1.1.1' ],
42 silly audit   '@radix-ui/react-use-rect': [ '1.1.1' ],
42 silly audit   '@radix-ui/react-use-size': [ '1.1.1' ],
42 silly audit   '@radix-ui/react-visually-hidden': [ '1.2.3' ],
42 silly audit   '@radix-ui/rect': [ '1.1.1' ],
42 silly audit   '@rolldown/pluginutils': [ '1.0.0-beta.27' ],
42 silly audit   '@rollup/rollup-android-arm-eabi': [ '4.60.2' ],
42 silly audit   '@rollup/rollup-android-arm64': [ '4.60.2' ],
42 silly audit   '@rollup/rollup-darwin-arm64': [ '4.60.2' ],
42 silly audit   '@rollup/rollup-darwin-x64': [ '4.60.2' ],
42 silly audit   '@rollup/rollup-freebsd-arm64': [ '4.60.2' ],
42 silly audit   '@rollup/rollup-freebsd-x64': [ '4.60.2' ],
42 silly audit   '@rollup/rollup-linux-arm-gnueabihf': [ '4.60.2' ],
42 silly audit   '@rollup/rollup-linux-arm-musleabihf': [ '4.60.2' ],
42 silly audit   '@rollup/rollup-linux-arm64-gnu': [ '4.60.2' ],
42 silly audit   '@rollup/rollup-linux-arm64-musl': [ '4.60.2' ],
42 silly audit   '@rollup/rollup-linux-loong64-gnu': [ '4.60.2' ],
42 silly audit   '@rollup/rollup-linux-loong64-musl': [ '4.60.2' ],
42 silly audit   '@rollup/rollup-linux-ppc64-gnu': [ '4.60.2' ],
42 silly audit   '@rollup/rollup-linux-ppc64-musl': [ '4.60.2' ],
42 silly audit   '@rollup/rollup-linux-riscv64-gnu': [ '4.60.2' ],
42 silly audit   '@rollup/rollup-linux-riscv64-musl': [ '4.60.2' ],
42 silly audit   '@rollup/rollup-linux-s390x-gnu': [ '4.60.2' ],
42 silly audit   '@rollup/rollup-linux-x64-gnu': [ '4.60.2' ],
42 silly audit   '@rollup/rollup-linux-x64-musl': [ '4.60.2' ],
42 silly audit   '@rollup/rollup-openbsd-x64': [ '4.60.2' ],
42 silly audit   '@rollup/rollup-openharmony-arm64': [ '4.60.2' ],
42 silly audit   '@rollup/rollup-win32-arm64-msvc': [ '4.60.2' ],
42 silly audit   '@rollup/rollup-win32-ia32-msvc': [ '4.60.2' ],
42 silly audit   '@rollup/rollup-win32-x64-gnu': [ '4.60.2' ],
42 silly audit   '@rollup/rollup-win32-x64-msvc': [ '4.60.2' ],
42 silly audit   '@types/babel__core': [ '7.20.5' ],
42 silly audit   '@types/babel__generator': [ '7.27.0' ],
42 silly audit   '@types/babel__template': [ '7.4.4' ],
42 silly audit   '@types/babel__traverse': [ '7.28.0' ],
42 silly audit   '@types/estree': [ '1.0.8' ],
42 silly audit   '@types/json-schema': [ '7.0.15' ],
42 silly audit   '@types/react': [ '19.2.14' ],
42 silly audit   '@types/react-dom': [ '19.2.3' ],
42 silly audit   '@typescript-eslint/eslint-plugin': [ '8.59.1' ],
42 silly audit   ignore: [ '7.0.5', '5.3.2' ],
42 silly audit   '@typescript-eslint/parser': [ '8.59.1' ],
42 silly audit   '@typescript-eslint/project-service': [ '8.59.1' ],
42 silly audit   '@typescript-eslint/scope-manager': [ '8.59.1' ],
42 silly audit   '@typescript-eslint/tsconfig-utils': [ '8.59.1' ],
42 silly audit   '@typescript-eslint/type-utils': [ '8.59.1' ],
42 silly audit   '@typescript-eslint/types': [ '8.59.1' ],
42 silly audit   '@typescript-eslint/typescript-estree': [ '8.59.1' ],
42 silly audit   'balanced-match': [ '4.0.4', '1.0.2' ],
42 silly audit   'brace-expansion': [ '5.0.5', '1.1.14' ],
42 silly audit   minimatch: [ '10.2.5', '3.1.5' ],
42 silly audit   semver: [ '7.7.4', '6.3.1' ],
42 silly audit   '@typescript-eslint/utils': [ '8.59.1' ],
42 silly audit   '@typescript-eslint/visitor-keys': [ '8.59.1' ],
42 silly audit   '@vitejs/plugin-react': [ '4.7.0' ],
42 silly audit   acorn: [ '8.16.0' ],
42 silly audit   'acorn-jsx': [ '5.3.2' ],
42 silly audit   ajv: [ '6.15.0' ],
42 silly audit   'ansi-styles': [ '4.3.0' ],
42 silly audit   argparse: [ '2.0.1' ],
42 silly audit   'aria-hidden': [ '1.2.6' ],
42 silly audit   'baseline-browser-mapping': [ '2.10.24' ],
42 silly audit   browserslist: [ '4.28.2' ],
42 silly audit   callsites: [ '3.1.0' ],
42 silly audit   'caniuse-lite': [ '1.0.30001791' ],
42 silly audit   chalk: [ '4.1.2' ],
42 silly audit   'color-convert': [ '2.0.1' ],
42 silly audit   'color-name': [ '1.1.4' ],
42 silly audit   'concat-map': [ '0.0.1' ],
42 silly audit   'convert-source-map': [ '2.0.0' ],
42 silly audit   'cross-spawn': [ '7.0.6' ],
42 silly audit   csstype: [ '3.2.3' ],
42 silly audit   debug: [ '4.4.3' ],
42 silly audit   'deep-is': [ '0.1.4' ],
42 silly audit   'detect-node-es': [ '1.1.0' ],
42 silly audit   'electron-to-chromium': [ '1.5.344' ],
42 silly audit   esbuild: [ '0.25.12' ],
42 silly audit   escalade: [ '3.2.0' ],
42 silly audit   'escape-string-regexp': [ '4.0.0' ],
42 silly audit   eslint: [ '9.39.4' ],
42 silly audit   'eslint-plugin-react-hooks': [ '5.2.0' ],
42 silly audit   'eslint-plugin-react-refresh': [ '0.4.26' ],
42 silly audit   'eslint-scope': [ '8.4.0' ],
42 silly audit   espree: [ '10.4.0' ],
42 silly audit   esquery: [ '1.7.0' ],
42 silly audit   esrecurse: [ '4.3.0' ],
42 silly audit   estraverse: [ '5.3.0' ],
42 silly audit   esutils: [ '2.0.3' ],
42 silly audit   'fast-deep-equal': [ '3.1.3' ],
42 silly audit   'fast-json-stable-stringify': [ '2.1.0' ],
42 silly audit   'fast-levenshtein': [ '2.0.6' ],
42 silly audit   fdir: [ '6.5.0' ],
42 silly audit   'file-entry-cache': [ '8.0.0' ],
42 silly audit   'find-up': [ '5.0.0' ],
42 silly audit   'flat-cache': [ '4.0.1' ],
42 silly audit   flatted: [ '3.4.2' ],
42 silly audit   fsevents: [ '2.3.3' ],
42 silly audit   gensync: [ '1.0.0-beta.2' ],
42 silly audit   'get-nonce': [ '1.0.1' ],
42 silly audit   'glob-parent': [ '6.0.2' ],
42 silly audit   'has-flag': [ '4.0.0' ],
42 silly audit   'import-fresh': [ '3.3.1' ],
42 silly audit   imurmurhash: [ '0.1.4' ],
42 silly audit   'is-extglob': [ '2.1.1' ],
42 silly audit   'is-glob': [ '4.0.3' ],
42 silly audit   isexe: [ '2.0.0' ],
42 silly audit   'js-tokens': [ '4.0.0' ],
42 silly audit   'js-yaml': [ '4.1.1' ],
42 silly audit   jsesc: [ '3.1.0' ],
42 silly audit   'json-buffer': [ '3.0.1' ],
42 silly audit   'json-schema-traverse': [ '0.4.1' ],
42 silly audit   'json-stable-stringify-without-jsonify': [ '1.0.1' ],
42 silly audit   json5: [ '2.2.3' ],
42 silly audit   keyv: [ '4.5.4' ],
42 silly audit   levn: [ '0.4.1' ],
42 silly audit   'locate-path': [ '6.0.0' ],
42 silly audit   'lodash.merge': [ '4.6.2' ],
42 silly audit   'lru-cache': [ '5.1.1' ],
42 silly audit   ms: [ '2.1.3' ],
42 silly audit   nanoid: [ '3.3.11' ],
42 silly audit   'natural-compare': [ '1.4.0' ],
42 silly audit   'node-releases': [ '2.0.38' ],
42 silly audit   optionator: [ '0.9.4' ],
42 silly audit   'p-limit': [ '3.1.0' ],
42 silly audit   'p-locate': [ '5.0.0' ],
42 silly audit   'parent-module': [ '1.0.1' ],
42 silly audit   'path-exists': [ '4.0.0' ],
42 silly audit   'path-key': [ '3.1.1' ],
42 silly audit   picocolors: [ '1.1.1' ],
42 silly audit   picomatch: [ '4.0.4' ],
42 silly audit   postcss: [ '8.5.12' ],
42 silly audit   'prelude-ls': [ '1.2.1' ],
42 silly audit   punycode: [ '2.3.1' ],
42 silly audit   react: [ '19.2.5' ],
42 silly audit   'react-dom': [ '19.2.5' ],
42 silly audit   'react-refresh': [ '0.17.0' ],
42 silly audit   'react-remove-scroll': [ '2.7.2' ],
42 silly audit   'react-remove-scroll-bar': [ '2.3.8' ],
42 silly audit   'react-style-singleton': [ '2.2.3' ],
42 silly audit   'resolve-from': [ '4.0.0' ],
42 silly audit   rollup: [ '4.60.2' ],
42 silly audit   scheduler: [ '0.27.0' ],
42 silly audit   'shebang-command': [ '2.0.0' ],
42 silly audit   'shebang-regex': [ '3.0.0' ],
42 silly audit   'source-map-js': [ '1.2.1' ],
42 silly audit   'strip-json-comments': [ '3.1.1' ],
42 silly audit   'supports-color': [ '7.2.0' ],
42 silly audit   tinyglobby: [ '0.2.16' ],
42 silly audit   'ts-api-utils': [ '2.5.0' ],
42 silly audit   tslib: [ '2.8.1' ],
42 silly audit   'type-check': [ '0.4.0' ],
42 silly audit   typescript: [ '5.7.3' ],
42 silly audit   'typescript-eslint': [ '8.59.1' ],
42 silly audit   'update-browserslist-db': [ '1.2.3' ],
42 silly audit   'uri-js': [ '4.4.1' ],
42 silly audit   'use-callback-ref': [ '1.3.3' ],
42 silly audit   'use-sidecar': [ '1.1.3' ],
42 silly audit   vite: [ '6.4.2' ],
42 silly audit   which: [ '2.0.2' ],
42 silly audit   'word-wrap': [ '1.2.5' ],
42 silly audit   yallist: [ '3.1.1' ],
42 silly audit   'yocto-queue': [ '0.1.0' ],
42 silly audit   '@radix-ui/react-select': [ '2.2.6' ],
42 silly audit   clsx: [ '2.1.1' ]
42 silly audit }
43 http fetch POST 200 https://registry.npmjs.org/-/npm/v1/security/advisories/bulk 171ms
44 silly audit report {}
45 verbose cwd /Users/awebb/Documents/GitHub/nodegraphdocsite
46 verbose os Darwin 25.4.0
47 verbose node v25.9.0
48 verbose npm  v11.12.1
49 verbose exit 0
50 info ok
